C51 COMPILER V9.52.0.0   CONTROLLER                                                        08/10/2017 10:00:39 PAGE 1   


C51 COMPILER V9.52.0.0, COMPILATION OF MODULE CONTROLLER
OBJECT MODULE PLACED IN Controller.OBJ
COMPILER INVOKED BY: C:\Keil\C51\BIN\C51.EXE Controller.c OPTIMIZE(9,SPEED) REGFILE(.\3DSWiiPlus.ORC) BROWSE DEFINE(LCM_
                    -DRIVER_IST3932) DEBUG OBJECTEXTEND

line level    source

   1          #include <STRING.H>
   2          #include "Controller.h"
   3          #include "I2C.h"
   4          #include "WiiClassicController.h"
   5          #include "NRF24L01.h"
   6          
   7          
   8          static u8 xdata isConnected = 0;        // bit0代表是否物理连接，bit1代表是否无线连接
   9          
  10          
  11          void Controller_Init(){
  12   1              isConnected = 0;
  13   1              
  14   1              I2C_EnumerateAllDevices(0, 0x7F);
  15   1              if(I2C_CheckSlaveValidity(WII_CLASSIC_CONTROLLER_ID)){
  16   2                      WiiClassicController_Init();
  17   2                      isConnected |= (1 << 0);
  18   2              }else{
  19   2                      nRF24L01_Init();
  20   2                      if(nRF24L01_Check()){
  21   3                              u8 buf[8];
  22   3                              u8 i;
  23   3                              nRF24L01_RX_Mode();
  24   3                              // 尝试接收255次
  25   3                              for(i=0;i<0xFF;++i){
  26   4                                      if(nRF24L01_Recv(buf) == 0 && strcmp(buf, "3DSWii+") == 0){
  27   5                                              isConnected |= (1 << 1);
  28   5                                              break;
  29   5                                      }
  30   4                                      Delay10us(10);  // 不晓得为啥要延迟100us……
  31   4                              }
  32   3                      }
  33   2              }
  34   1      }
  35          
  36          void Controller_Read(){
  37   1              if(isConnected & (1 << 0)){
  38   2                      WiiClassicController_Read();
  39   2              }
  40   1              if(isConnected & (1 << 1)){
  41   2                      nRF24L01_Recv(WiiClassicController_GetPtr());
  42   2              }
  43   1      }
  44          
  45          bit Controller_IsConnected(){
  46   1              return isConnected == 0 ? 0 : 1;
  47   1      }


MODULE INFORMATION:   STATIC OVERLAYABLE
   CODE SIZE        =    130    ----
   CONSTANT SIZE    =      8    ----
   XDATA SIZE       =      1    ----
   PDATA SIZE       =   ----    ----
C51 COMPILER V9.52.0.0   CONTROLLER                                                        08/10/2017 10:00:39 PAGE 2   

   DATA SIZE        =   ----       9
   IDATA SIZE       =   ----    ----
   BIT SIZE         =   ----    ----
END OF MODULE INFORMATION.


C51 COMPILATION COMPLETE.  0 WARNING(S),  0 ERROR(S)
