C51 COMPILER V9.52.0.0   MAIN                                                              08/10/2017 10:00:39 PAGE 1   


C51 COMPILER V9.52.0.0, COMPILATION OF MODULE MAIN
OBJECT MODULE PLACED IN main.OBJ
COMPILER INVOKED BY: C:\Keil\C51\BIN\C51.EXE main.c OPTIMIZE(9,SPEED) REGFILE(.\3DSWiiPlus.ORC) BROWSE DEFINE(LCM_DRIVER
                    -_IST3932) DEBUG OBJECTEXTEND

line level    source

   1          /*
   2          这套设备需要的IO口如下：
   3          1个硬件Uart，用于串口下载。
   4          15个GPIO，用于映射到3DS的13个按键以及右摇杆的ZL/ZR键。
   5          2个GPIO，用于模拟I2C。
   6          4个硬件PWM，用于四组DAC。
   7          1个硬件SPI，用于控制LCD和nrf24L01+。
   8          3个GPIO，用于LCD的/CS、CD和LED。
   9          2个GPIO，用于nRF24L01+的/CS和CE。
  10          
  11          详细表如下：
  12                  名称    IO口    模式    管脚
  13          硬件Uart：
  14                  RX              P3.0    准双向  18
  15                  TX              P3.1    准双向  19
  16          CTRInterface：
  17                  LEFT    P0.0    开漏    40
  18                  RIGHT   P0.1    开漏    41
  19                  UP              P0.2    开漏    42
  20                  DOWN    P0.3    开漏    43
  21                  A               P0.4    开漏    44
  22                  B               P0.5    开漏    1
  23                  X               P0.6    开漏    2
  24                  Y               P0.7    开漏    3
  25                  L               P4.0    开漏    17
  26                  R               P4.1    开漏    26
  27                  ZL              P4.2    开漏    27
  28                  ZR              P4.3    开漏    28
  29                  STA             P4.4    开漏    29
  30                  SEL             P4.5    开漏    38
  31                  HOME    P4.6    开漏    39
  32          I2C：
  33                  SDA             P3.2    开漏    20
  34                  SCL             P3.3    开漏    21
  35          PWM：
  36                  PWM0    P3.7    强推挽  25
  37                  PWM1    P2.1    强推挽  31
  38                  PWM2    P2.2    强推挽  32
  39                  PWM3    P2.3    强推挽  33
  40          硬件SPI：
  41                  MOSI    P1.3    准双向  8
  42                  MISO    P1.4    准双向  9
  43                  SCLK    P1.5    准双向  10
  44          LCD：
  45                  /CS             P1.0    准双向  4
  46                  CD              P1.1    准双向  5
  47                  LED             P1.2    准双向  7
  48          nRF24L01+：
  49                  /CS             P3.4    准双向  22
  50                  CE              P3.5    准双向  23
  51                  IRQ             P3.6    准双向  24
  52          */
  53          
  54          
C51 COMPILER V9.52.0.0   MAIN                                                              08/10/2017 10:00:39 PAGE 2   

  55          #include <INTRINS.h>
  56          #include "main.h"
  57          #include "Uart.h"
  58          #include "I2C.h"
  59          #include "IAP.h"
  60          #include "PWM.h"
  61          #include "Timer.h"
  62          #include "SPI.h"
  63          #include "CTRInterface.h"
  64          #include "LCM12864.h"
  65          #include "SaveData.h"
  66          #include "Controller.h"
  67          #include "ModuleConnect.h"
  68          #include "ModuleCountdown.h"
  69          #include "ModuleGeneric.h"
  70          #include "ModuleConfigMenu.h"
  71          #include "ModuleKeyMapping.h"
  72          #include "ModuleAnalogMapping.h"
  73          #include "ModuleAnalogCalibration.h"
  74          #include "ModuleTurboSetting.h"
  75          #include "ModuleDeviceSetting.h"
  76          
  77          
  78          enumModuleType currentModule = Module_Connect;
  79          
  80          
  81          static void Init(){
  82   1              P0M0 = 0;P0M1 = 0;
  83   1              P1M0 = 0;P1M1 = 0;
  84   1              P2M0 = 0;P2M1 = 0;
  85   1              P3M0 = 0;P3M1 = 0;
  86   1              P4M0 = 0;P4M1 = 0;      // 设置所有P口均为弱上拉
  87   1              P0 = 0xFF;
  88   1              P1 = 0xFF;
  89   1              P2 = 0xFF;
  90   1              P3 = 0xFF;
  91   1              P4 = 0xFF;                      // 所有P口均输出高电平
  92   1      }
  93          
  94          void main(){
  95   1              Init();
  96   1              Uart_Init();
  97   1              I2C_Init();
  98   1              PWM_Init();
  99   1              Timer_Init();
 100   1              SPI_Init();
 101   1              
 102   1              CTRInterface_Init();
 103   1              LCM12864_Init();
 104   1              LCM12864_Backlight(0);
 105   1              SaveData_Init();
 106   1              Controller_Init();
 107   1              
 108   1              while(1){
 109   2                      LCM12864_Clear();
 110   2                      
 111   2                      switch(currentModule){
 112   3                              case Module_Connect:                    ModuleConnect();                        break;
 113   3                              case Module_Countdown:                  ModuleCountdown();                      break;
 114   3                              case Module_Generic:                    ModuleGeneric();                        break;
 115   3                              case Module_ConfigMenu:                 ModuleConfigMenu();                     break;
 116   3                              case Module_KeyMapping:                 ModuleKeyMapping();                     break;
C51 COMPILER V9.52.0.0   MAIN                                                              08/10/2017 10:00:39 PAGE 3   

 117   3                              case Module_AnalogMapping:              ModuleAnalogMapping();          break;
 118   3                              case Module_AnalogCalibration:  ModuleAnalogCalibration();      break;
 119   3                              case Module_TurboSetting:               ModuleTurboSetting();           break;
 120   3                              case Module_DeviceSetting:              ModuleDeviceSetting();          break;
 121   3                      }
 122   2              }
 123   1      }


MODULE INFORMATION:   STATIC OVERLAYABLE
   CODE SIZE        =    169    ----
   CONSTANT SIZE    =   ----    ----
   XDATA SIZE       =   ----    ----
   PDATA SIZE       =   ----    ----
   DATA SIZE        =      1    ----
   IDATA SIZE       =   ----    ----
   BIT SIZE         =   ----    ----
END OF MODULE INFORMATION.


C51 COMPILATION COMPLETE.  0 WARNING(S),  0 ERROR(S)
