C51 COMPILER V9.52.0.0   MODULECOUNTDOWN                                                   08/08/2017 16:17:41 PAGE 1   


C51 COMPILER V9.52.0.0, COMPILATION OF MODULE MODULECOUNTDOWN
OBJECT MODULE PLACED IN ModuleCountdown.OBJ
COMPILER INVOKED BY: C:\Keil\C51\BIN\C51.EXE ModuleCountdown.c OPTIMIZE(9,SPEED) REGFILE(.\3DSWiiPlus.ORC) BROWSE DEFINE
                    -(LCM_DRIVER_IST3932) DEBUG OBJECTEXTEND

line level    source

   1          #include "ModuleCountdown.h"
   2          #include "main.h"
   3          #include "LCM12864.h"
   4          #include "Timer.h"
   5          #include "Controller.h"
   6          
   7          
   8          static vu8 countdown = 4;
   9          
  10          
  11          static void Timer_Interrupt(){
  12   1              countdown--;
  13   1      }
  14          
  15          static void Init(){
  16   1              Timer_SetInterval(1000);
  17   1              Timer_SetCallback(Timer_Interrupt);
  18   1              Timer_Start();
  19   1              
  20   1              if(1){
  21   2                      LCM12864_FillRect(1, 17, 126, 30, 1);
  22   2                      LCM12864_DrawStringIdx(10, ENTER_SETUP_WITHIN_3_SECS, 7, 27, 0);        // 3秒内按HOME键进入设置菜单
  23   2              }
  24   1      }
  25          
  26          void ModuleCountdown(){
  27   1              Init();
  28   1              
  29   1              while(1){
  30   2                      if(1){
  31   3                              LCM12864_FillRect(7, 27, 5, 10, 1);
  32   3                              LCM12864_DrawChar(10, countdown + '0' - 0x20, 7, 27, 0);
  33   3                      }
  34   2                      
  35   2                      LCM12864_Refresh();
  36   2                      
  37   2                      Controller_Read();
  38   2                      if(Controller_IsKeyDown(WII_CLASSIC_CONTROLLER_BUTTON_HOME)){
  39   3                              Timer_Stop();
  40   3                              currentModule = Module_ConfigMenu;
  41   3                              return;
  42   3                      }
  43   2                      
  44   2                      if(countdown == 0){
  45   3                              Timer_Stop();
  46   3                              currentModule = Module_Generic;
  47   3                              return;
  48   3                      }
  49   2              }
  50   1      }


MODULE INFORMATION:   STATIC OVERLAYABLE
   CODE SIZE        =    126    ----
C51 COMPILER V9.52.0.0   MODULECOUNTDOWN                                                   08/08/2017 16:17:41 PAGE 2   

   CONSTANT SIZE    =   ----    ----
   XDATA SIZE       =   ----    ----
   PDATA SIZE       =   ----    ----
   DATA SIZE        =      1    ----
   IDATA SIZE       =   ----    ----
   BIT SIZE         =   ----    ----
END OF MODULE INFORMATION.


C51 COMPILATION COMPLETE.  0 WARNING(S),  0 ERROR(S)
