C51 COMPILER V9.52.0.0   MODULECONFIGMENU                                                  08/08/2017 16:17:41 PAGE 1   


C51 COMPILER V9.52.0.0, COMPILATION OF MODULE MODULECONFIGMENU
OBJECT MODULE PLACED IN ModuleConfigMenu.OBJ
COMPILER INVOKED BY: C:\Keil\C51\BIN\C51.EXE ModuleConfigMenu.c OPTIMIZE(9,SPEED) REGFILE(.\3DSWiiPlus.ORC) BROWSE DEFIN
                    -E(LCM_DRIVER_IST3932) DEBUG OBJECTEXTEND

line level    source

   1          #include <STRING.H>
   2          #include "ModuleConfigMenu.h"
   3          #include "main.h"
   4          #include "LCM12864.h"
   5          #include "Controller.h"
   6          #include "Uart.h"
   7          
   8          
   9          #define MENU_ITEM_COUNT 4
  10          
  11          
  12          static void Init(){
  13   1              u8 len = LCM12864_GetStrLenFromIdx(10, TITLE_SETUP) - 1;
  14   1              LCM12864_FillRect(((128 - len) >> 1) - 1, 0, len + 2, 11, 1);
  15   1              LCM12864_FillRect(0, 12, 128, 1, 1);
  16   1              LCM12864_FillRect(0, 52, 128, 1, 1);
  17   1              LCM12864_DrawStringIdx(10, TITLE_SETUP, (128 - len) >> 1, 1, 0);        // 设置菜单
  18   1      }
  19          
  20          void ModuleConfigMenu(){
  21   1              s8 selectedIndex = 0;
  22   1              s16 offset = 128 << 4;  // 定点数
  23   1      
  24   1              Init();
  25   1              while(1){
  26   2                      if(1){
  27   3                              s16 len;
  28   3                              len = (s16)LCM12864_GetStrLenFromIdx(10, MENU_KEY_MAPPING + selectedIndex) - 1;
  29   3                              LCM12864_FillRect(0, 27, 128, 10, 0);
  30   3                              LCM12864_DrawStringIdx(10, MENU_KEY_MAPPING + selectedIndex, (128 - len) >> 1, 27, 1);  // 按键映射     摇杆
             -映射        连发设定  摇杆校正        设备调整
  31   3      
  32   3                              len = (s16)LCM12864_GetStrLenFromIdx(10, DESC_1) - 1;
  33   3                              LCM12864_FillRect(0, 54, 128, 10, 0);
  34   3                              LCM12864_DrawStringIdx(10, DESC_1, offset >> 4, 54, 1); // 上/下选择菜单项 A确定 B退出设置菜单
  35   3      
  36   3                              offset -= 8;
  37   3                              if(offset < -(len << 4))offset = 128 << 4;
  38   3                      }
  39   2                      LCM12864_Refresh();
  40   2                      
  41   2                      Controller_Read();
  42   2                      // 上下键选择，A键进入对应的界面，B键退出到正常工作界面
  43   2                      if(Controller_IsKeyDown(WII_CLASSIC_CONTROLLER_BUTTON_UP)){
  44   3                              selectedIndex--;
  45   3                              if(selectedIndex < 0)selectedIndex = MENU_ITEM_COUNT - 1;
  46   3                      }
  47   2                      if(Controller_IsKeyDown(WII_CLASSIC_CONTROLLER_BUTTON_DOWN)){
  48   3                              selectedIndex++;
  49   3                              if(selectedIndex >= MENU_ITEM_COUNT)selectedIndex = 0;
  50   3                      }
  51   2                      if(Controller_IsKeyDown(WII_CLASSIC_CONTROLLER_BUTTON_A)){
  52   3                              currentModule = Module_KeyMapping + selectedIndex;
  53   3                              return;
C51 COMPILER V9.52.0.0   MODULECONFIGMENU                                                  08/08/2017 16:17:41 PAGE 2   

  54   3                      }
  55   2                      if(Controller_IsKeyDown(WII_CLASSIC_CONTROLLER_BUTTON_B)){
  56   3                              currentModule = Module_Generic;
  57   3                              return;
  58   3                      }
  59   2              }
  60   1      }


MODULE INFORMATION:   STATIC OVERLAYABLE
   CODE SIZE        =    353    ----
   CONSTANT SIZE    =   ----    ----
   XDATA SIZE       =   ----    ----
   PDATA SIZE       =   ----    ----
   DATA SIZE        =   ----       6
   IDATA SIZE       =   ----    ----
   BIT SIZE         =   ----    ----
END OF MODULE INFORMATION.


C51 COMPILATION COMPLETE.  0 WARNING(S),  0 ERROR(S)
