C51 COMPILER V9.52.0.0   MODULEANALOGMAPPING                                               08/08/2017 16:17:41 PAGE 1   


C51 COMPILER V9.52.0.0, COMPILATION OF MODULE MODULEANALOGMAPPING
OBJECT MODULE PLACED IN ModuleAnalogMapping.OBJ
COMPILER INVOKED BY: C:\Keil\C51\BIN\C51.EXE ModuleAnalogMapping.c OPTIMIZE(9,SPEED) REGFILE(.\3DSWiiPlus.ORC) BROWSE DE
                    -FINE(LCM_DRIVER_IST3932) DEBUG OBJECTEXTEND

line level    source

   1          #include <STRING.H>
   2          #include "ModuleAnalogMapping.h"
   3          #include "main.h"
   4          #include "LCM12864.h"
   5          #include "SaveData.h"
   6          #include "Controller.h"
   7          
   8          
   9          #define CONFIG_ITEM_COUNT       3
  10          
  11          
  12          static void Init(){
  13   1              SaveData_Read();
  14   1              
  15   1              if(1){
  16   2                      u8 len = LCM12864_GetStrLenFromIdx(10, TITLE_ANALOG_MAPPING) - 1;
  17   2                      LCM12864_FillRect(((128 - len) >> 1) - 1, 0, len + 2, 11, 1);
  18   2                      LCM12864_DrawStringIdx(10, TITLE_ANALOG_MAPPING, (128 - len) >> 1, 1, 0);       // “°∏À”≥…‰
  19   2                      LCM12864_DrawString(10, "=", 61, 12, 1);
  20   2              }
  21   1      }
  22          
  23          void ModuleAnalogMapping(){
  24   1              s16 offset = 128 << 4;  // ∂®µ„ ˝
  25   1              s8 selectedItem = 0;
  26   1      
  27   1              Init();
  28   1              
  29   1              while(1){
  30   2                      if(1){
  31   3                              u16 len;
  32   3                              
  33   3                              LCM12864_FillRect(0, 12, 60, 10, 0);
  34   3                              LCM12864_DrawStringIdx(10, ANALOG_SWAP + selectedItem, 0, 12, 1);       // Ωªªª◊Û”““°∏À x÷·∑¥œÚ y÷·∑¥œÚ
  35   3                              
  36   3                              LCM12864_FillRect(79, 12, 49, 10, 0);
  37   3                              switch(selectedItem){
  38   4                                      case 0: LCM12864_DrawStringIdx(10, ANALOG_NO + saveData.analogMapping, 119, 12, 1);     break;  // ∑Ò  «
  39   4                                      case 1: LCM12864_DrawStringIdx(10, ANALOG_NO + saveData.reverseAnalogX, 119, 12, 1);break;      // ∑Ò  «
  40   4                                      case 2: LCM12864_DrawStringIdx(10, ANALOG_NO + saveData.reverseAnalogY, 119, 12, 1);break;      // ∑Ò  «
  41   4                              }
  42   3                              
  43   3                              len = LCM12864_GetStrLenFromIdx(10, DESC_3) - 1;
  44   3                              LCM12864_FillRect(0, 22, 128, 10, 0);
  45   3                              LCM12864_DrawStringIdx(10, DESC_3, offset >> 4, 22, 1); // …œ/œ¬—°‘Ò…Ë∂®œÓƒø ◊Û/”“µ˜’˚…Ë∂®÷µ A±£¥Ê…Ë∂®≤
             -¢∑µªÿ…Ë÷√≤Àµ• B≤ª±£¥Ê…Ë∂®÷±Ω”∑µªÿ…Ë÷√≤Àµ•
  46   3      
  47   3                              offset -= 8;
  48   3                              if(offset < -(len << 4))offset = 128 << 4;
  49   3                      }
  50   2                      LCM12864_Refresh();
  51   2                      
  52   2                      Controller_Read();
  53   2                      
C51 COMPILER V9.52.0.0   MODULEANALOGMAPPING                                               08/08/2017 16:17:41 PAGE 2   

  54   2                      if(Controller_IsKeyDown(WII_CLASSIC_CONTROLLER_BUTTON_UP)){
  55   3                              selectedItem--;
  56   3                              if(selectedItem < 0)selectedItem = CONFIG_ITEM_COUNT - 1;
  57   3                      }
  58   2                      if(Controller_IsKeyDown(WII_CLASSIC_CONTROLLER_BUTTON_DOWN)){
  59   3                              selectedItem++;
  60   3                              if(selectedItem > CONFIG_ITEM_COUNT - 1)selectedItem = 0;
  61   3                      }
  62   2                      if(Controller_IsKeyDown(WII_CLASSIC_CONTROLLER_BUTTON_LEFT)){
  63   3                              switch(selectedItem){
  64   4                                      case 0:
  65   4                                              saveData.analogMapping--;
  66   4                                              saveData.analogMapping &= 1;
  67   4                                              break;
  68   4                                      case 1:
  69   4                                              saveData.reverseAnalogX--;
  70   4                                              saveData.reverseAnalogX &= 1;
  71   4                                              break;
  72   4                                      case 2:
  73   4                                              saveData.reverseAnalogY--;
  74   4                                              saveData.reverseAnalogY &= 1;
  75   4                                              break;
  76   4                              }
  77   3                      }
  78   2                      if(Controller_IsKeyDown(WII_CLASSIC_CONTROLLER_BUTTON_RIGHT)){
  79   3                              switch(selectedItem){
  80   4                                      case 0:
  81   4                                              saveData.analogMapping++;
  82   4                                              saveData.analogMapping &= 1;
  83   4                                              break;
  84   4                                      case 1:
  85   4                                              saveData.reverseAnalogX++;
  86   4                                              saveData.reverseAnalogX &= 1;
  87   4                                              break;
  88   4                                      case 2:
  89   4                                              saveData.reverseAnalogY++;
  90   4                                              saveData.reverseAnalogY &= 1;
  91   4                                              break;
  92   4                              }
  93   3                      }
  94   2                      if(Controller_IsKeyDown(WII_CLASSIC_CONTROLLER_BUTTON_A)){
  95   3                              SaveData_Flush();
  96   3                              
  97   3                              currentModule = Module_ConfigMenu;
  98   3                              return;
  99   3                      }
 100   2                      if(Controller_IsKeyDown(WII_CLASSIC_CONTROLLER_BUTTON_B)){
 101   3                              currentModule = Module_ConfigMenu;
 102   3                              return;
 103   3                      }
 104   2              }
 105   1      }


MODULE INFORMATION:   STATIC OVERLAYABLE
   CODE SIZE        =    469    ----
   CONSTANT SIZE    =      2    ----
   XDATA SIZE       =   ----    ----
   PDATA SIZE       =   ----    ----
   DATA SIZE        =   ----       6
   IDATA SIZE       =   ----    ----
   BIT SIZE         =   ----    ----
C51 COMPILER V9.52.0.0   MODULEANALOGMAPPING                                               08/08/2017 16:17:41 PAGE 3   

END OF MODULE INFORMATION.


C51 COMPILATION COMPLETE.  0 WARNING(S),  0 ERROR(S)
