C51 COMPILER V9.52.0.0   MODULEGENERIC                                                     08/08/2017 16:17:41 PAGE 1   


C51 COMPILER V9.52.0.0, COMPILATION OF MODULE MODULEGENERIC
OBJECT MODULE PLACED IN ModuleGeneric.OBJ
COMPILER INVOKED BY: C:\Keil\C51\BIN\C51.EXE ModuleGeneric.c OPTIMIZE(9,SPEED) REGFILE(.\3DSWiiPlus.ORC) BROWSE DEFINE(L
                    -CM_DRIVER_IST3932) DEBUG OBJECTEXTEND

line level    source

   1          #include "ModuleGeneric.h"
   2          #include "main.h"
   3          #include "CTRInterface.h"
   4          #include "LCM12864.h"
   5          #include "SaveData.h"
   6          
   7          
   8          static void Init(){
   9   1              SaveData_Read();
  10   1              
  11   1              // ¹Ø±ÕLCD±³¹â
  12   1              LCM12864_Backlight(1);
  13   1              
  14   1              LCM12864_Refresh();
  15   1      }
  16          
  17          void ModuleGeneric(){
  18   1              Init();
  19   1              
  20   1              CTRInterface_Prepare();
  21   1              while(1){
  22   2                      CTRInterface_Update();
  23   2              }
  24   1      }


MODULE INFORMATION:   STATIC OVERLAYABLE
   CODE SIZE        =     22    ----
   CONSTANT SIZE    =   ----    ----
   XDATA SIZE       =   ----    ----
   PDATA SIZE       =   ----    ----
   DATA SIZE        =   ----    ----
   IDATA SIZE       =   ----    ----
   BIT SIZE         =   ----    ----
END OF MODULE INFORMATION.


C51 COMPILATION COMPLETE.  0 WARNING(S),  0 ERROR(S)
