C51 COMPILER V9.52.0.0   TIMER                                                             08/08/2017 16:17:41 PAGE 1   


C51 COMPILER V9.52.0.0, COMPILATION OF MODULE TIMER
OBJECT MODULE PLACED IN Timer.OBJ
COMPILER INVOKED BY: C:\Keil\C51\BIN\C51.EXE Timer.c OPTIMIZE(9,SPEED) REGFILE(.\3DSWiiPlus.ORC) BROWSE DEFINE(LCM_DRIVE
                    -R_IST3932) DEBUG OBJECTEXTEND

line level    source

   1          #include "Timer.h"
   2          
   3          
   4          static vu16 countdown = 0;
   5          static vu16 countdownBackup = 0;
   6          static Func_TimerCallback timerCallback = 0;
   7          
   8          
   9          static void Timer0_Interrupt() interrupt 1 using 1{
  10   1              countdown--;
  11   1              if(countdown == 0){
  12   2                      countdown = countdownBackup;
  13   2                      if(timerCallback){
  14   3                              timerCallback();
  15   3                      }
  16   2              }
  17   1      }
  18          
  19          
  20          void Timer_Init(){
  21   1              AUXR &= 0x7F;           // 定时器时钟12T模式
  22   1              TMOD &= 0xF0;           // 定时器为16位自动重装
  23   1              TL0 = 0x3C;                     // 设置定时初值
  24   1              TH0 = 0xF6;                     // 设置定时初值
  25   1              TF0 = 0;                        // 清除TF0标志
  26   1              ET0 = 1;                        // 开启定时器0中断
  27   1              
  28   1          EA = 1;                             // 开启中断总开关
  29   1      }
  30          
  31          void Timer_SetInterval(u16 ms){
  32   1              countdown = ms;
  33   1              countdownBackup = ms;
  34   1      }
  35          
  36          void Timer_SetCallback(Func_TimerCallback callback){
  37   1              timerCallback = callback;
  38   1      }
  39          
  40          void Timer_Start(){
  41   1              TR0 = 1;
  42   1      }
  43          
  44          void Timer_Stop(){
  45   1              TR0 = 0;
  46   1      }


MODULE INFORMATION:   STATIC OVERLAYABLE
   CODE SIZE        =    100    ----
   CONSTANT SIZE    =   ----    ----
   XDATA SIZE       =   ----    ----
   PDATA SIZE       =   ----    ----
   DATA SIZE        =      7    ----
C51 COMPILER V9.52.0.0   TIMER                                                             08/08/2017 16:17:41 PAGE 2   

   IDATA SIZE       =   ----    ----
   BIT SIZE         =   ----    ----
END OF MODULE INFORMATION.


C51 COMPILATION COMPLETE.  0 WARNING(S),  0 ERROR(S)
